<?xml version="1.0" encoding="UTF-8"?>
<!-- Generated by org.testng.reporters.JUnitReportReporter -->
<testsuite name="com.automation.support.AddColumnFile" tests="1" time="1.136" ignored="0" failures="0" timestamp="01 Jan 2018 12:06:44 GMT" skipped="0" hostname="Nagarajan" errors="0">
  <testcase name="executeSheet" time="1.136" classname="com.automation.support.AddColumnFile"/>
</testsuite> <!-- com.automation.support.AddColumnFile -->
