<?xml version="1.0" encoding="UTF-8"?>
<!-- Generated by org.testng.reporters.JUnitReportReporter -->
<testsuite name="com.automation.support.AddColumnXlsFile" tests="1" time="0.998" ignored="0" failures="0" timestamp="01 Jan 2018 12:10:04 GMT" skipped="0" hostname="Nagarajan" errors="0">
  <testcase name="executeSheet" time="0.998" classname="com.automation.support.AddColumnXlsFile"/>
</testsuite> <!-- com.automation.support.AddColumnXlsFile -->
