<?xml version="1.0" encoding="UTF-8"?>
<!-- Generated by org.testng.reporters.JUnitReportReporter -->
<testsuite name="com.Mumms.scripts.Login" tests="1" time="41.583" ignored="3" failures="0" timestamp="28 Dec 2017 16:50:34 GMT" skipped="0" hostname="Nagarajan" errors="0">
  <testcase name="bvtVerifyLoginErrorMessage" time="41.583" classname="com.Mumms.scripts.Login"/>
  <testcase name="bvtVerifyNewUser1" classname="com.Mumms.scripts.Admin">
    <skipped/>
  </testcase> <!-- bvtVerifyNewUser1 -->
  <testcase name="beforeSuite" classname="com.automation.webaccelerators.TestEngineWeb">
    <skipped/>
  </testcase> <!-- beforeSuite -->
  <testcase name="closeBrowser" classname="com.automation.webaccelerators.TestEngineWeb">
    <skipped/>
  </testcase> <!-- closeBrowser -->
</testsuite> <!-- com.Mumms.scripts.Login -->
