<?xml version="1.0" encoding="UTF-8"?>
<!-- Generated by org.testng.reporters.JUnitReportReporter -->
<testsuite name="com.automation.scripts.Home" tests="1" time="1.411" ignored="6" failures="0" timestamp="28 Jan 2018 17:08:51 GMT" skipped="0" hostname="Nagarajan" errors="0">
  <testcase name="bvtVerifyHeaderMenuList" time="1.411" classname="com.automation.scripts.Home"/>
  <testcase name="bvtVerifyNewUser" classname="com.automation.scripts.Register">
    <skipped/>
  </testcase> <!-- bvtVerifyNewUser -->
  <testcase name="beforeSuite" classname="com.automation.webaccelerators.TestEngineWeb">
    <skipped/>
  </testcase> <!-- beforeSuite -->
  <testcase name="beforeSuite" classname="com.automation.webaccelerators.TestEngineWeb">
    <skipped/>
  </testcase> <!-- beforeSuite -->
  <testcase name="closeBrowser" classname="com.automation.webaccelerators.TestEngineWeb">
    <skipped/>
  </testcase> <!-- closeBrowser -->
  <testcase name="closeBrowser" classname="com.automation.webaccelerators.TestEngineWeb">
    <skipped/>
  </testcase> <!-- closeBrowser -->
  <testcase name="bvtVerifyLoginErrorMessage" classname="com.automation.scripts.Login">
    <skipped/>
  </testcase> <!-- bvtVerifyLoginErrorMessage -->
</testsuite> <!-- com.automation.scripts.Home -->
