<?xml version="1.0" encoding="UTF-8"?>
<!-- Generated by org.testng.reporters.JUnitReportReporter -->
<testsuite name="com.automation.support.AddColumnXlsxFile" tests="1" time="2.359" ignored="0" failures="0" timestamp="01 Jan 2018 12:13:14 GMT" skipped="0" hostname="Nagarajan" errors="0">
  <testcase name="executeSheet" time="2.359" classname="com.automation.support.AddColumnXlsxFile"/>
</testsuite> <!-- com.automation.support.AddColumnXlsxFile -->
