<?xml version="1.0" encoding="UTF-8"?>
<!-- Generated by org.testng.reporters.JUnitReportReporter -->
<testsuite name="com.automation.scripts.Login" tests="2" time="25.571" ignored="2" failures="0" timestamp="28 Jan 2018 09:02:14 GMT" skipped="0" hostname="Nagarajan" errors="0">
  <testcase name="bvtVerifyLoginErrorMessage" time="22.317" classname="com.automation.scripts.Login"/>
  <testcase name="bvtVerifyLoginErrorMessage" time="3.254" classname="com.automation.scripts.Login"/>
  <testcase name="beforeSuite" classname="com.automation.webaccelerators.TestEngineWeb">
    <skipped/>
  </testcase> <!-- beforeSuite -->
  <testcase name="closeBrowser" classname="com.automation.webaccelerators.TestEngineWeb">
    <skipped/>
  </testcase> <!-- closeBrowser -->
</testsuite> <!-- com.automation.scripts.Login -->
