<?xml version="1.0" encoding="UTF-8"?>
<!-- Generated by org.testng.reporters.JUnitReportReporter -->
<testsuite name="com.automation.scripts.Register" tests="1" time="4.751" ignored="2" failures="0" timestamp="28 Jan 2018 09:02:14 GMT" skipped="0" hostname="Nagarajan" errors="0">
  <testcase name="bvtVerifyNewUser" time="4.751" classname="com.automation.scripts.Register"/>
  <testcase name="beforeSuite" classname="com.automation.webaccelerators.TestEngineWeb">
    <skipped/>
  </testcase> <!-- beforeSuite -->
  <testcase name="closeBrowser" classname="com.automation.webaccelerators.TestEngineWeb">
    <skipped/>
  </testcase> <!-- closeBrowser -->
</testsuite> <!-- com.automation.scripts.Register -->
