<?xml version="1.0" encoding="UTF-8"?>
<!-- Generated by org.testng.reporters.JUnitReportReporter -->
<testsuite name="com.automation.report1.Reporter" tests="1" time="11.826" ignored="0" failures="0" timestamp="24 Dec 2017 16:31:07 GMT" skipped="0" hostname="Nagarajan" errors="0">
  <testcase name="iniateReport" time="11.826" classname="com.automation.report1.Reporter"/>
</testsuite> <!-- com.automation.report1.Reporter -->
