<?xml version="1.0" encoding="UTF-8"?>
<!-- Generated by org.testng.reporters.JUnitReportReporter -->
<testsuite name="com.automation.libs.NewDirectoryTest" tests="1" time="0.051" ignored="0" failures="0" timestamp="01 Jan 2018 08:45:20 GMT" skipped="0" hostname="Nagarajan" errors="0">
  <testcase name="createDir" time="0.051" classname="com.automation.libs.NewDirectoryTest"/>
</testsuite> <!-- com.automation.libs.NewDirectoryTest -->
