<?xml version="1.0" encoding="UTF-8"?>
<!-- Generated by org.testng.reporters.JUnitReportReporter -->
<testsuite name="com.automation.libs.CreateDirectoryTest2" tests="1" time="0.053" ignored="0" failures="0" timestamp="01 Jan 2018 07:38:42 GMT" skipped="0" hostname="Nagarajan" errors="0">
  <testcase name="createDir" time="0.053" classname="com.automation.libs.CreateDirectoryTest2"/>
</testsuite> <!-- com.automation.libs.CreateDirectoryTest2 -->
