<?xml version="1.0" encoding="UTF-8"?>
<!-- Generated by org.testng.reporters.JUnitReportReporter -->
<testsuite name="com.automation.scripts.Admin" tests="1" time="26.075" ignored="2" failures="0" timestamp="28 Jan 2018 08:44:09 GMT" skipped="0" hostname="Nagarajan" errors="0">
  <testcase name="bvtVerifyNewUser" time="26.075" classname="com.automation.scripts.Admin"/>
  <testcase name="beforeSuite" classname="com.automation.webaccelerators.TestEngineWeb">
    <skipped/>
  </testcase> <!-- beforeSuite -->
  <testcase name="closeBrowser" classname="com.automation.webaccelerators.TestEngineWeb">
    <skipped/>
  </testcase> <!-- closeBrowser -->
</testsuite> <!-- com.automation.scripts.Admin -->
